\BOOKMARK [1][-]{section.1}{Introduction}{}% 1
\BOOKMARK [1][-]{section.2}{Experiment 1}{}% 2
\BOOKMARK [2][-]{subsection.2.1}{Results}{section.2}% 3
\BOOKMARK [2][-]{subsection.2.2}{Discussion}{section.2}% 4
\BOOKMARK [1][-]{section.3}{Experiment :}{}% 5
\BOOKMARK [2][-]{subsection.3.1}{Results}{section.3}% 6
\BOOKMARK [2][-]{subsection.3.2}{Discussion}{section.3}% 7
\BOOKMARK [1][-]{section.4}{Experiment :}{}% 8
\BOOKMARK [2][-]{subsection.4.1}{Results}{section.4}% 9
\BOOKMARK [2][-]{subsection.4.2}{Discussion}{section.4}% 10
\BOOKMARK [1][-]{section.5}{Experiment :}{}% 11
\BOOKMARK [2][-]{subsection.5.1}{Results}{section.5}% 12
\BOOKMARK [2][-]{subsection.5.2}{Discussion}{section.5}% 13
\BOOKMARK [1][-]{section.6}{Experiment :}{}% 14
\BOOKMARK [2][-]{subsection.6.1}{Results}{section.6}% 15
\BOOKMARK [2][-]{subsection.6.2}{Discussion}{section.6}% 16
\BOOKMARK [1][-]{section.7}{Experiment :}{}% 17
\BOOKMARK [2][-]{subsection.7.1}{Results}{section.7}% 18
\BOOKMARK [2][-]{subsection.7.2}{Discussion}{section.7}% 19
\BOOKMARK [1][-]{section.8}{Conclusions}{}% 20
\BOOKMARK [1][-]{appendix.A}{Appendix A: Source Code}{}% 21
\BOOKMARK [2][-]{subsection.A.1}{Experiment 1}{appendix.A}% 22
\BOOKMARK [2][-]{subsection.A.2}{Plot 2 Classes}{appendix.A}% 23
\BOOKMARK [2][-]{subsection.A.3}{Experiment 2}{appendix.A}% 24
\BOOKMARK [2][-]{subsection.A.4}{Experiment 3}{appendix.A}% 25
\BOOKMARK [2][-]{subsection.A.5}{Experiment 4}{appendix.A}% 26
\BOOKMARK [2][-]{subsection.A.6}{Experiment 5}{appendix.A}% 27
\BOOKMARK [2][-]{subsection.A.7}{Experiment 6}{appendix.A}% 28
